   1               		.file	"isr0.c"
   2               	__SREG__ = 0x3f
   3               	__SP_H__ = 0x3e
   4               	__SP_L__ = 0x3d
   5               	__CCP__  = 0x34
   6               	__tmp_reg__ = 0
   7               	__zero_reg__ = 1
  15               	.Ltext0:
  16               	.global	__vector_2
  18               	__vector_2:
  19               	.LFB2:
  20               	.LM1:
  21 0000 1F92      		push __zero_reg__
  22 0002 0F92      		push r0
  23 0004 0FB6      		in r0,__SREG__
  24 0006 0F92      		push r0
  25 0008 1124      		clr __zero_reg__
  26 000a 2F93      		push r18
  27 000c 3F93      		push r19
  28 000e 4F93      		push r20
  29 0010 5F93      		push r21
  30 0012 6F93      		push r22
  31 0014 7F93      		push r23
  32 0016 8F93      		push r24
  33 0018 9F93      		push r25
  34 001a AF93      		push r26
  35 001c BF93      		push r27
  36 001e EF93      		push r30
  37 0020 FF93      		push r31
  38               	/* prologue: Signal */
  39               	/* frame size = 0 */
  40               	.LM2:
  41 0022 8091 0000 		lds r24,code
  42 0026 8333      		cpi r24,lo8(51)
  43 0028 01F4      		brne .L2
  44               	.LM3:
  45 002a 81E2      		ldi r24,lo8(33)
  46 002c 8093 0000 		sts Buf_out+2,r24
  47               	.LM4:
  48 0030 8AE4      		ldi r24,lo8(74)
  49 0032 8093 0000 		sts Buf_out+5,r24
  50               	.LM5:
  51 0036 80E7      		ldi r24,lo8(112)
  52 0038 8093 0000 		sts Buf_out+6,r24
  53               	.LM6:
  54 003c 00D0      		rcall Enable_TX
  55               	.L2:
  56               	.LM7:
  57 003e 00D0      		rcall Enable_T2_StopInt
  58               	/* epilogue start */
  59               	.LM8:
  60 0040 FF91      		pop r31
  61 0042 EF91      		pop r30
  62 0044 BF91      		pop r27
  63 0046 AF91      		pop r26
  64 0048 9F91      		pop r25
  65 004a 8F91      		pop r24
  66 004c 7F91      		pop r23
  67 004e 6F91      		pop r22
  68 0050 5F91      		pop r21
  69 0052 4F91      		pop r20
  70 0054 3F91      		pop r19
  71 0056 2F91      		pop r18
  72 0058 0F90      		pop r0
  73 005a 0FBE      		out __SREG__,r0
  74 005c 0F90      		pop r0
  75 005e 1F90      		pop __zero_reg__
  76 0060 1895      		reti
  77               	.LFE2:
  79               	.global	__vector_1
  81               	__vector_1:
  82               	.LFB4:
  83               	.LM9:
  84 0062 1F92      		push __zero_reg__
  85 0064 0F92      		push r0
  86 0066 0FB6      		in r0,__SREG__
  87 0068 0F92      		push r0
  88 006a 1124      		clr __zero_reg__
  89 006c 2F93      		push r18
  90 006e 3F93      		push r19
  91 0070 4F93      		push r20
  92 0072 5F93      		push r21
  93 0074 6F93      		push r22
  94 0076 7F93      		push r23
  95 0078 8F93      		push r24
  96 007a 9F93      		push r25
  97 007c AF93      		push r26
  98 007e BF93      		push r27
  99 0080 EF93      		push r30
 100 0082 FF93      		push r31
 101               	/* prologue: Signal */
 102               	/* frame size = 0 */
 103               	.LM10:
 104 0084 8091 0000 		lds r24,code
 105 0088 8333      		cpi r24,lo8(51)
 106 008a 01F0      		breq .L7
 107 008c 8939      		cpi r24,lo8(-103)
 108 008e 01F4      		brne .L6
 109 0090 00C0      		rjmp .L11
 110               	.L7:
 111               	.LM11:
 112 0092 80E3      		ldi r24,lo8(48)
 113 0094 8093 0000 		sts Buf_out+2,r24
 114               	.LM12:
 115 0098 8FE4      		ldi r24,lo8(79)
 116 009a 8093 0000 		sts Buf_out+5,r24
 117               	.LM13:
 118 009e 80E2      		ldi r24,lo8(32)
 119 00a0 00C0      		rjmp .L10
 120               	.L11:
 121               	.LM14:
 122 00a2 80E3      		ldi r24,lo8(48)
 123 00a4 8093 0000 		sts Buf_out+2,r24
 124               	.LM15:
 125 00a8 87E5      		ldi r24,lo8(87)
 126 00aa 8093 0000 		sts Buf_out+5,r24
 127               	.LM16:
 128 00ae 88E3      		ldi r24,lo8(56)
 129               	.L10:
 130 00b0 8093 0000 		sts Buf_out+6,r24
 131               	.L6:
 132               	.LM17:
 133 00b4 00D0      		rcall Enable_TX
 134               	.LM18:
 135 00b6 00D0      		rcall Enable_T2_StopInt
 136               	/* epilogue start */
 137               	.LM19:
 138 00b8 FF91      		pop r31
 139 00ba EF91      		pop r30
 140 00bc BF91      		pop r27
 141 00be AF91      		pop r26
 142 00c0 9F91      		pop r25
 143 00c2 8F91      		pop r24
 144 00c4 7F91      		pop r23
 145 00c6 6F91      		pop r22
 146 00c8 5F91      		pop r21
 147 00ca 4F91      		pop r20
 148 00cc 3F91      		pop r19
 149 00ce 2F91      		pop r18
 150 00d0 0F90      		pop r0
 151 00d2 0FBE      		out __SREG__,r0
 152 00d4 0F90      		pop r0
 153 00d6 1F90      		pop __zero_reg__
 154 00d8 1895      		reti
 155               	.LFE4:
 157               	.global	__vector_3
 159               	__vector_3:
 160               	.LFB6:
 161               	.LM20:
 162 00da 1F92      		push __zero_reg__
 163 00dc 0F92      		push r0
 164 00de 0FB6      		in r0,__SREG__
 165 00e0 0F92      		push r0
 166 00e2 1124      		clr __zero_reg__
 167 00e4 2F93      		push r18
 168 00e6 3F93      		push r19
 169 00e8 4F93      		push r20
 170 00ea 5F93      		push r21
 171 00ec 6F93      		push r22
 172 00ee 7F93      		push r23
 173 00f0 8F93      		push r24
 174 00f2 9F93      		push r25
 175 00f4 AF93      		push r26
 176 00f6 BF93      		push r27
 177 00f8 EF93      		push r30
 178 00fa FF93      		push r31
 179               	/* prologue: Signal */
 180               	/* frame size = 0 */
 181               	.LM21:
 182 00fc 93B1      		in r25,35-32
 183               	.LVL0:
 184               	.LM22:
 185 00fe 8091 0000 		lds r24,code
 186 0102 8333      		cpi r24,lo8(51)
 187 0104 01F4      		brne .L13
 188               	.LM23:
 189 0106 892F      		mov r24,r25
 190 0108 8095      		com r24
 191               	.LM24:
 192 010a 8770      		andi r24,lo8(7)
 193 010c 8230      		cpi r24,lo8(2)
 194 010e 01F0      		breq .L17
 195 0110 8430      		cpi r24,lo8(4)
 196 0112 01F0      		breq .L18
 197 0114 8130      		cpi r24,lo8(1)
 198 0116 01F4      		brne .L19
 199               	.LM25:
 200 0118 81E3      		ldi r24,lo8(49)
 201 011a 8093 0000 		sts Buf_out+2,r24
 202               	.LM26:
 203 011e 8FE8      		ldi r24,lo8(-113)
 204 0120 8093 0000 		sts Buf_out+5,r24
 205               	.LM27:
 206 0124 81E7      		ldi r24,lo8(113)
 207 0126 00C0      		rjmp .L20
 208               	.L17:
 209               	.LM28:
 210 0128 86E3      		ldi r24,lo8(54)
 211 012a 8093 0000 		sts Buf_out+2,r24
 212               	.LM29:
 213 012e 8EE4      		ldi r24,lo8(78)
 214 0130 8093 0000 		sts Buf_out+5,r24
 215               	.LM30:
 216 0134 80EC      		ldi r24,lo8(-64)
 217 0136 00C0      		rjmp .L20
 218               	.L18:
 219               	.LM31:
 220 0138 87E3      		ldi r24,lo8(55)
 221 013a 8093 0000 		sts Buf_out+2,r24
 222               	.LM32:
 223 013e 8EE8      		ldi r24,lo8(-114)
 224 0140 8093 0000 		sts Buf_out+5,r24
 225               	.LM33:
 226 0144 81E9      		ldi r24,lo8(-111)
 227               	.L20:
 228 0146 8093 0000 		sts Buf_out+6,r24
 229               	.L13:
 230               	.LM34:
 231 014a 00D0      		rcall Enable_TX
 232               	.LVL1:
 233               	.LM35:
 234 014c 00D0      		rcall Enable_T2_StopInt
 235               	.LVL2:
 236               	.L19:
 237               	/* epilogue start */
 238               	.LM36:
 239 014e FF91      		pop r31
 240 0150 EF91      		pop r30
 241 0152 BF91      		pop r27
 242 0154 AF91      		pop r26
 243 0156 9F91      		pop r25
 244               	.LVL3:
 245 0158 8F91      		pop r24
 246 015a 7F91      		pop r23
 247 015c 6F91      		pop r22
 248 015e 5F91      		pop r21
 249 0160 4F91      		pop r20
 250 0162 3F91      		pop r19
 251 0164 2F91      		pop r18
 252 0166 0F90      		pop r0
 253 0168 0FBE      		out __SREG__,r0
 254 016a 0F90      		pop r0
 255 016c 1F90      		pop __zero_reg__
 256 016e 1895      		reti
 257               	.LFE6:
 259               	.global	__vector_4
 261               	__vector_4:
 262               	.LFB8:
 263               	.LM37:
 264 0170 1F92      		push __zero_reg__
 265 0172 0F92      		push r0
 266 0174 0FB6      		in r0,__SREG__
 267 0176 0F92      		push r0
 268 0178 1124      		clr __zero_reg__
 269 017a 2F93      		push r18
 270 017c 3F93      		push r19
 271 017e 4F93      		push r20
 272 0180 5F93      		push r21
 273 0182 6F93      		push r22
 274 0184 7F93      		push r23
 275 0186 8F93      		push r24
 276 0188 9F93      		push r25
 277 018a AF93      		push r26
 278 018c BF93      		push r27
 279 018e EF93      		push r30
 280 0190 FF93      		push r31
 281               	/* prologue: Signal */
 282               	/* frame size = 0 */
 283               	.LM38:
 284 0192 96B1      		in r25,38-32
 285               	.LVL4:
 286               	.LM39:
 287 0194 8091 0000 		lds r24,code
 288 0198 8333      		cpi r24,lo8(51)
 289 019a 01F4      		brne .L22
 290               	.LM40:
 291 019c 892F      		mov r24,r25
 292 019e 8095      		com r24
 293               	.LM41:
 294 01a0 8770      		andi r24,lo8(7)
 295 01a2 8230      		cpi r24,lo8(2)
 296 01a4 01F0      		breq .L26
 297 01a6 8430      		cpi r24,lo8(4)
 298 01a8 01F0      		breq .L27
 299 01aa 8130      		cpi r24,lo8(1)
 300 01ac 01F4      		brne .L28
 301               	.LM42:
 302 01ae 82E3      		ldi r24,lo8(50)
 303 01b0 8093 0000 		sts Buf_out+2,r24
 304               	.LM43:
 305 01b4 8FE8      		ldi r24,lo8(-113)
 306 01b6 8093 0000 		sts Buf_out+5,r24
 307               	.LM44:
 308 01ba 81E8      		ldi r24,lo8(-127)
 309 01bc 00C0      		rjmp .L29
 310               	.L26:
 311               	.LM45:
 312 01be 8EE4      		ldi r24,lo8(78)
 313 01c0 8093 0000 		sts Buf_out+5,r24
 314               	.LM46:
 315 01c4 80E3      		ldi r24,lo8(48)
 316 01c6 8093 0000 		sts Buf_out+6,r24
 317               	.LM47:
 318 01ca 85E3      		ldi r24,lo8(53)
 319 01cc 8093 0000 		sts Buf_out+2,r24
 320 01d0 00C0      		rjmp .L22
 321               	.L27:
 322               	.LM48:
 323 01d2 88E3      		ldi r24,lo8(56)
 324 01d4 8093 0000 		sts Buf_out+2,r24
 325               	.LM49:
 326 01d8 8DE8      		ldi r24,lo8(-115)
 327 01da 8093 0000 		sts Buf_out+5,r24
 328               	.LM50:
 329 01de 81EA      		ldi r24,lo8(-95)
 330               	.L29:
 331 01e0 8093 0000 		sts Buf_out+6,r24
 332               	.L22:
 333               	.LM51:
 334 01e4 00D0      		rcall Enable_TX
 335               	.LVL5:
 336               	.LM52:
 337 01e6 00D0      		rcall Enable_T2_StopInt
 338               	.LVL6:
 339               	.L28:
 340               	/* epilogue start */
 341               	.LM53:
 342 01e8 FF91      		pop r31
 343 01ea EF91      		pop r30
 344 01ec BF91      		pop r27
 345 01ee AF91      		pop r26
 346 01f0 9F91      		pop r25
 347               	.LVL7:
 348 01f2 8F91      		pop r24
 349 01f4 7F91      		pop r23
 350 01f6 6F91      		pop r22
 351 01f8 5F91      		pop r21
 352 01fa 4F91      		pop r20
 353 01fc 3F91      		pop r19
 354 01fe 2F91      		pop r18
 355 0200 0F90      		pop r0
 356 0202 0FBE      		out __SREG__,r0
 357 0204 0F90      		pop r0
 358 0206 1F90      		pop __zero_reg__
 359 0208 1895      		reti
 360               	.LFE8:
 362               	.global	__vector_5
 364               	__vector_5:
 365               	.LFB10:
 366               	.LM54:
 367 020a 1F92      		push __zero_reg__
 368 020c 0F92      		push r0
 369 020e 0FB6      		in r0,__SREG__
 370 0210 0F92      		push r0
 371 0212 1124      		clr __zero_reg__
 372 0214 2F93      		push r18
 373 0216 3F93      		push r19
 374 0218 4F93      		push r20
 375 021a 5F93      		push r21
 376 021c 6F93      		push r22
 377 021e 7F93      		push r23
 378 0220 8F93      		push r24
 379 0222 9F93      		push r25
 380 0224 AF93      		push r26
 381 0226 BF93      		push r27
 382 0228 EF93      		push r30
 383 022a FF93      		push r31
 384               	/* prologue: Signal */
 385               	/* frame size = 0 */
 386               	.LM55:
 387 022c 89B1      		in r24,41-32
 388               	.LVL8:
 389               	.LM56:
 390 022e 9091 0000 		lds r25,code
 391 0232 9333      		cpi r25,lo8(51)
 392 0234 01F4      		brne .L31
 393               	.LM57:
 394 0236 8095      		com r24
 395               	.LVL9:
 396 0238 8077      		andi r24,lo8(112)
 397               	.LM58:
 398 023a 8295      		swap r24
 399 023c 8F70      		andi r24,lo8(15)
 400 023e 8230      		cpi r24,lo8(2)
 401 0240 01F0      		breq .L35
 402 0242 8430      		cpi r24,lo8(4)
 403 0244 01F0      		breq .L36
 404 0246 8130      		cpi r24,lo8(1)
 405 0248 01F4      		brne .L37
 406               	.LM59:
 407 024a 9093 0000 		sts Buf_out+2,r25
 408               	.LM60:
 409 024e 8FE4      		ldi r24,lo8(79)
 410 0250 8093 0000 		sts Buf_out+5,r24
 411               	.LM61:
 412 0254 80ED      		ldi r24,lo8(-48)
 413 0256 00C0      		rjmp .L38
 414               	.L35:
 415               	.LM62:
 416 0258 84E3      		ldi r24,lo8(52)
 417 025a 8093 0000 		sts Buf_out+2,r24
 418               	.LM63:
 419 025e 8EE8      		ldi r24,lo8(-114)
 420 0260 8093 0000 		sts Buf_out+5,r24
 421               	.LM64:
 422 0264 81E6      		ldi r24,lo8(97)
 423 0266 00C0      		rjmp .L38
 424               	.L36:
 425               	.LM65:
 426 0268 89E3      		ldi r24,lo8(57)
 427 026a 8093 0000 		sts Buf_out+2,r24
 428               	.LM66:
 429 026e 8DE4      		ldi r24,lo8(77)
 430 0270 8093 0000 		sts Buf_out+5,r24
 431               	.LM67:
 432 0274 80EF      		ldi r24,lo8(-16)
 433               	.L38:
 434 0276 8093 0000 		sts Buf_out+6,r24
 435               	.LVL10:
 436               	.L31:
 437               	.LM68:
 438 027a 00D0      		rcall Enable_TX
 439               	.LVL11:
 440               	.LM69:
 441 027c 00D0      		rcall Enable_T2_StopInt
 442               	.L37:
 443               	/* epilogue start */
 444               	.LM70:
 445 027e FF91      		pop r31
 446 0280 EF91      		pop r30
 447 0282 BF91      		pop r27
 448 0284 AF91      		pop r26
 449 0286 9F91      		pop r25
 450 0288 8F91      		pop r24
 451 028a 7F91      		pop r23
 452 028c 6F91      		pop r22
 453 028e 5F91      		pop r21
 454 0290 4F91      		pop r20
 455 0292 3F91      		pop r19
 456 0294 2F91      		pop r18
 457 0296 0F90      		pop r0
 458 0298 0FBE      		out __SREG__,r0
 459 029a 0F90      		pop r0
 460 029c 1F90      		pop __zero_reg__
 461 029e 1895      		reti
 462               	.LFE10:
 464               	.global	Enable_T2_StopInt
 466               	Enable_T2_StopInt:
 467               	.LFB12:
 468               	.LM71:
 469               	/* prologue: function */
 470               	/* frame size = 0 */
 471               	.LM72:
 472 02a0 E0E7      		ldi r30,lo8(112)
 473 02a2 F0E0      		ldi r31,hi8(112)
 474 02a4 1082      		st Z,__zero_reg__
 475               	.LM73:
 476 02a6 82E0      		ldi r24,lo8(2)
 477 02a8 83BD      		out 67-32,r24
 478               	.LM74:
 479 02aa 1DBA      		out 61-32,__zero_reg__
 480               	.LM75:
 481 02ac 1092 6800 		sts 104,__zero_reg__
 482               	.LM76:
 483 02b0 1092 B200 		sts 178,__zero_reg__
 484               	.LM77:
 485 02b4 8083      		st Z,r24
 486               	.LM78:
 487 02b6 87E0      		ldi r24,lo8(7)
 488 02b8 8093 B100 		sts 177,r24
 489               	/* epilogue start */
 490               	.LM79:
 491 02bc 0895      		ret
 492               	.LFE12:
 494               		.comm w_cont,1,1
 495               		.comm crc,2,1
 496               		.comm tim1,2,1
 561               	.Letext0:
DEFINED SYMBOLS
                            *ABS*:00000000 isr0.c
C:\DOCUME~1\07C4~1\LOCALS~1\Temp/cc93B3BA.s:2      *ABS*:0000003f __SREG__
C:\DOCUME~1\07C4~1\LOCALS~1\Temp/cc93B3BA.s:3      *ABS*:0000003e __SP_H__
C:\DOCUME~1\07C4~1\LOCALS~1\Temp/cc93B3BA.s:4      *ABS*:0000003d __SP_L__
C:\DOCUME~1\07C4~1\LOCALS~1\Temp/cc93B3BA.s:5      *ABS*:00000034 __CCP__
C:\DOCUME~1\07C4~1\LOCALS~1\Temp/cc93B3BA.s:6      *ABS*:00000000 __tmp_reg__
C:\DOCUME~1\07C4~1\LOCALS~1\Temp/cc93B3BA.s:7      *ABS*:00000001 __zero_reg__
C:\DOCUME~1\07C4~1\LOCALS~1\Temp/cc93B3BA.s:18     .text:00000000 __vector_2
C:\DOCUME~1\07C4~1\LOCALS~1\Temp/cc93B3BA.s:466    .text:000002a0 Enable_T2_StopInt
C:\DOCUME~1\07C4~1\LOCALS~1\Temp/cc93B3BA.s:81     .text:00000062 __vector_1
C:\DOCUME~1\07C4~1\LOCALS~1\Temp/cc93B3BA.s:159    .text:000000da __vector_3
C:\DOCUME~1\07C4~1\LOCALS~1\Temp/cc93B3BA.s:261    .text:00000170 __vector_4
C:\DOCUME~1\07C4~1\LOCALS~1\Temp/cc93B3BA.s:364    .text:0000020a __vector_5
                            *COM*:00000001 w_cont
                            *COM*:00000002 crc
                            *COM*:00000002 tim1

UNDEFINED SYMBOLS
code
Buf_out
Enable_TX
__do_clear_bss
